ONSDKDemo/app/build/intermediates/manifest_merge_blame_file/debug/manifest-merger-blame-debug-report.txt
1<?xml version="1.0" encoding="utf-8"?>
2<!-- Copyright (C) 2017 Baidu, Inc. All Rights Reserved. -->
3<manifest xmlns:android="http://schemas.android.com/apk/res/android"
4    package="com.baidu.mapclient.liteapp"
5    android:versionCode="1"
6    android:versionName="1.0" >
7
8    <uses-sdk
9        android:minSdkVersion="19"
9-->src/main/AndroidManifest.xml
10        android:targetSdkVersion="28" />
10-->src/main/AndroidManifest.xml
11
12    <supports-screens
12-->src/main/AndroidManifest.xml:5:5-10:39
13        android:anyDensity="true"
13-->src/main/AndroidManifest.xml:6:9-34
14        android:largeScreens="true"
14-->src/main/AndroidManifest.xml:7:9-36
15        android:normalScreens="true"
15-->src/main/AndroidManifest.xml:8:9-37
16        android:resizeable="true"
16-->src/main/AndroidManifest.xml:9:9-34
17        android:smallScreens="true" />
17-->src/main/AndroidManifest.xml:10:9-36
18
19    <!-- 用于访问网络，网络定位需要上网 -->
20    <uses-permission android:name="android.permission.INTERNET" />
20-->src/main/AndroidManifest.xml:13:5-67
20-->src/main/AndroidManifest.xml:13:22-64
21    <!-- 用于进行网络定位 -->
22    <uses-permission android:name="android.permission.ACCESS_COARSE_LOCATION" />
22-->src/main/AndroidManifest.xml:15:5-81
22-->src/main/AndroidManifest.xml:15:22-78
23    <!-- 用于访问GPS定位 -->
24    <uses-permission android:name="android.permission.ACCESS_FINE_LOCATION" />
24-->src/main/AndroidManifest.xml:17:5-79
24-->src/main/AndroidManifest.xml:17:22-76
25    <uses-permission android:name="android.permission.ACCESS_LOCATION_EXTRA_COMMANDS" />
25-->src/main/AndroidManifest.xml:18:5-89
25-->src/main/AndroidManifest.xml:18:22-86
26    <!-- 获取网络状态，用于在线算路与离线算路之间的切换 -->
27    <uses-permission android:name="android.permission.ACCESS_NETWORK_STATE" />
27-->src/main/AndroidManifest.xml:20:5-79
27-->src/main/AndroidManifest.xml:20:22-76
28    <!-- 用于访问WIFI网络状态，用于判断网络状态 -->
29    <uses-permission android:name="android.permission.ACCESS_WIFI_STATE" />
29-->src/main/AndroidManifest.xml:22:5-76
29-->src/main/AndroidManifest.xml:22:22-73
30    <!-- 写入扩展存储，向扩展卡写入数据，用于离线数据的写入 -->
31    <uses-permission android:name="android.permission.WRITE_EXTERNAL_STORAGE" />
31-->src/main/AndroidManifest.xml:24:5-81
31-->src/main/AndroidManifest.xml:24:22-78
32    <!-- 用于ugc事件上报拍照录像 -->
33    <uses-permission android:name="android.permission.CAMERA" />
33-->src/main/AndroidManifest.xml:26:5-65
33-->src/main/AndroidManifest.xml:26:22-62
34    <!-- 用于ugc事件上报录音 -->
35    <uses-permission android:name="android.permission.RECORD_AUDIO" />
35-->src/main/AndroidManifest.xml:28:5-71
35-->src/main/AndroidManifest.xml:28:22-68
36    <!-- 用于导航中省电设置 -->
37    <uses-permission android:name="android.permission.WRITE_SETTINGS" />
37-->src/main/AndroidManifest.xml:30:5-73
37-->src/main/AndroidManifest.xml:30:22-70
38    <!-- 后台服务 -->
39    <uses-permission android:name="android.permission.FOREGROUND_SERVICE" />
39-->src/main/AndroidManifest.xml:32:5-77
39-->src/main/AndroidManifest.xml:32:22-74
40    <!-- 诱导悬浮窗 -->
41    <uses-permission android:name="android.permission.SYSTEM_ALERT_WINDOW" />
41-->src/main/AndroidManifest.xml:34:5-78
41-->src/main/AndroidManifest.xml:34:22-75
42    <uses-permission android:name="android.permission.MANAGE_OVERLAY_PERMISSION" />
42-->src/main/AndroidManifest.xml:35:5-84
42-->src/main/AndroidManifest.xml:35:22-81
43
44    <!-- OpenGLES 2.0 -->
45    <uses-feature
45-->src/main/AndroidManifest.xml:39:5-41:35
46        android:glEsVersion="0x00020000"
46-->src/main/AndroidManifest.xml:40:9-41
47        android:required="true" />
47-->src/main/AndroidManifest.xml:41:9-32
48
49    <uses-permission android:name="android.permission.READ_EXTERNAL_STORAGE" />
49-->[:onsdk_all:] AndroidManifest.xml:17:5-80
49-->[:onsdk_all:] AndroidManifest.xml:17:22-77
50    <uses-permission android:name="android.permission.ACCESS_GPS" />
50-->[:onsdk_all:] AndroidManifest.xml:18:5-69
50-->[:onsdk_all:] AndroidManifest.xml:18:22-66
51    <uses-permission android:name="android.permission.ACCESS_BACKGROUND_LOCATION" />
51-->[:onsdk_all:] AndroidManifest.xml:23:5-85
51-->[:onsdk_all:] AndroidManifest.xml:23:22-82
52    <uses-permission android:name="android.permission.CHANGE_WIFI_STATE" /> <!-- 蓝牙权限,发送到汽车用 -->
52-->[:onsdk_all:] AndroidManifest.xml:25:5-76
52-->[:onsdk_all:] AndroidManifest.xml:25:22-73
53    <uses-permission android:name="android.permission.BLUETOOTH" />
53-->[:onsdk_all:] AndroidManifest.xml:26:5-68
53-->[:onsdk_all:] AndroidManifest.xml:26:22-65
54    <uses-permission android:name="android.permission.BLUETOOTH_ADMIN" />
54-->[:onsdk_all:] AndroidManifest.xml:27:5-74
54-->[:onsdk_all:] AndroidManifest.xml:27:22-71
55
56    <application
56-->src/main/AndroidManifest.xml:42:5-121:19
57        android:name="com.baidu.mapclient.liteapp.ONApplication"
57-->src/main/AndroidManifest.xml:43:9-65
58        android:allowBackup="true"
58-->src/main/AndroidManifest.xml:44:9-35
59        android:appComponentFactory="androidx.core.app.CoreComponentFactory"
59-->[androidx.core:core:1.2.0] AndroidManifest.xml:24:18-86
60        android:debuggable="true"
61        android:hardwareAccelerated="true"
61-->src/main/AndroidManifest.xml:45:9-43
62        android:icon="@mipmap/ic_launcher"
62-->src/main/AndroidManifest.xml:46:9-43
63        android:label="@string/app_name"
63-->src/main/AndroidManifest.xml:47:9-41
64        android:largeHeap="true"
64-->src/main/AndroidManifest.xml:48:9-33
65        android:theme="@style/AppTheme"
65-->src/main/AndroidManifest.xml:49:9-40
66        android:usesCleartextTraffic="true" >
66-->src/main/AndroidManifest.xml:50:9-44
67        <uses-library
67-->src/main/AndroidManifest.xml:52:9-54:40
68            android:name="org.apache.http.legacy"
68-->src/main/AndroidManifest.xml:53:13-50
69            android:required="false" />
69-->src/main/AndroidManifest.xml:54:13-37
70
71        <meta-data
71-->src/main/AndroidManifest.xml:56:9-58:42
72            android:name="BaiduMobAd_STAT_ID"
72-->src/main/AndroidManifest.xml:57:13-46
73            android:value="48ae76de3f" />
73-->src/main/AndroidManifest.xml:58:13-39
74        <meta-data
74-->src/main/AndroidManifest.xml:59:9-61:64
75            android:name="com.baidu.lbsapi.API_KEY"
75-->src/main/AndroidManifest.xml:60:13-52
76            android:value="gT2XSUgoMFysCzwLCUtrIItTUdclThsf" />
76-->src/main/AndroidManifest.xml:61:13-61
77
78        <activity android:name="com.baidu.mapclient.liteapp.activity.DemoMainActivity" >
78-->src/main/AndroidManifest.xml:63:9-70:20
78-->src/main/AndroidManifest.xml:63:19-60
79            <intent-filter>
79-->src/main/AndroidManifest.xml:64:13-69:29
80                <action android:name="android.intent.action.MAIN" />
80-->src/main/AndroidManifest.xml:65:17-69
80-->src/main/AndroidManifest.xml:65:25-66
81                <action android:name="android.intent.action.VIEW" />
81-->src/main/AndroidManifest.xml:66:17-69
81-->src/main/AndroidManifest.xml:66:25-66
82
83                <category android:name="android.intent.category.LAUNCHER" />
83-->src/main/AndroidManifest.xml:68:17-77
83-->src/main/AndroidManifest.xml:68:27-74
84            </intent-filter>
85        </activity>
86        <activity
86-->src/main/AndroidManifest.xml:72:9-76:50
87            android:name="com.baidu.mapclient.liteapp.activity.DemoNaviSettingActivity"
87-->src/main/AndroidManifest.xml:73:13-61
88            android:configChanges="orientation|screenSize|keyboard|keyboardHidden"
88-->src/main/AndroidManifest.xml:74:13-83
89            android:launchMode="singleInstance"
89-->src/main/AndroidManifest.xml:76:13-48
90            android:theme="@android:style/Theme.NoTitleBar" />
90-->src/main/AndroidManifest.xml:75:13-60
91        <activity
91-->src/main/AndroidManifest.xml:78:9-82:63
92            android:name="com.baidu.mapclient.liteapp.activity.DemoGuideActivity"
92-->src/main/AndroidManifest.xml:79:13-55
93            android:configChanges="orientation|screenSize|keyboard|keyboardHidden"
93-->src/main/AndroidManifest.xml:80:13-83
94            android:label="@string/title_route_guide_demo"
94-->src/main/AndroidManifest.xml:81:13-59
95            android:theme="@android:style/Theme.NoTitleBar" />
95-->src/main/AndroidManifest.xml:82:13-60
96        <activity
96-->src/main/AndroidManifest.xml:84:9-87:63
97            android:name="com.baidu.mapclient.liteapp.activity.DemoExtGpsActivity"
97-->src/main/AndroidManifest.xml:85:13-56
98            android:configChanges="orientation|screenSize|keyboard|keyboardHidden"
98-->src/main/AndroidManifest.xml:86:13-83
99            android:theme="@android:style/Theme.NoTitleBar" />
99-->src/main/AndroidManifest.xml:87:13-60
100        <activity
100-->src/main/AndroidManifest.xml:89:9-93:63
101            android:name="com.baidu.mapclient.liteapp.activity.DemoDrivingActivity"
101-->src/main/AndroidManifest.xml:90:13-57
102            android:configChanges="orientation|screenSize|keyboard|keyboardHidden"
102-->src/main/AndroidManifest.xml:91:13-83
103            android:screenOrientation="portrait"
103-->src/main/AndroidManifest.xml:92:13-49
104            android:theme="@android:style/Theme.NoTitleBar" />
104-->src/main/AndroidManifest.xml:93:13-60
105        <activity
105-->src/main/AndroidManifest.xml:95:9-98:63
106            android:name="com.baidu.mapclient.liteapp.activity.DemoCruiserActivity"
106-->src/main/AndroidManifest.xml:96:13-57
107            android:configChanges="orientation|screenSize|keyboard|keyboardHidden"
107-->src/main/AndroidManifest.xml:97:13-83
108            android:theme="@android:style/Theme.NoTitleBar" />
108-->src/main/AndroidManifest.xml:98:13-60
109        <activity
109-->src/main/AndroidManifest.xml:100:9-103:63
110            android:name="com.baidu.mapclient.liteapp.activity.DemoDrawRectActivity"
110-->src/main/AndroidManifest.xml:101:13-58
111            android:configChanges="orientation|screenSize|keyboard|keyboardHidden"
111-->src/main/AndroidManifest.xml:102:13-83
112            android:theme="@android:style/Theme.NoTitleBar" />
112-->src/main/AndroidManifest.xml:103:13-60
113        <activity
113-->src/main/AndroidManifest.xml:105:9-108:63
114            android:name="com.baidu.mapclient.liteapp.activity.DemoAnalogActivity"
114-->src/main/AndroidManifest.xml:106:13-56
115            android:configChanges="orientation|screenSize|keyboard|keyboardHidden"
115-->src/main/AndroidManifest.xml:107:13-83
116            android:theme="@android:style/Theme.NoTitleBar" />
116-->src/main/AndroidManifest.xml:108:13-60
117        <activity
117-->src/main/AndroidManifest.xml:110:9-112:85
118            android:name="com.baidu.mapclient.liteapp.activity.DemoSelectNodeActivity"
118-->src/main/AndroidManifest.xml:111:13-60
119            android:configChanges="orientation|screenSize|keyboard|keyboardHidden" />
119-->src/main/AndroidManifest.xml:112:13-83
120        <activity
120-->src/main/AndroidManifest.xml:114:9-117:51
121            android:name="com.baidu.mapclient.liteapp.activity.BNDemoLightNaviActivity"
121-->src/main/AndroidManifest.xml:115:13-61
122            android:configChanges="orientation|screenSize|keyboard|keyboardHidden"
122-->src/main/AndroidManifest.xml:116:13-83
123            android:screenOrientation="portrait" />
123-->src/main/AndroidManifest.xml:117:13-49
124        <activity android:name="com.baidu.mapclient.liteapp.activity.BNPoiSearchActivity" />
124-->src/main/AndroidManifest.xml:118:9-66
124-->src/main/AndroidManifest.xml:118:19-63
125
126        <service android:name="com.baidu.mapclient.liteapp.ForegroundService" />
126-->src/main/AndroidManifest.xml:120:9-54
126-->src/main/AndroidManifest.xml:120:18-51
127
128        <provider
128-->[androidx.lifecycle:lifecycle-process:2.0.0] AndroidManifest.xml:23:9-27:43
129            android:name="androidx.lifecycle.ProcessLifecycleOwnerInitializer"
129-->[androidx.lifecycle:lifecycle-process:2.0.0] AndroidManifest.xml:24:13-79
130            android:authorities="com.baidu.mapclient.liteapp.lifecycle-process"
130-->[androidx.lifecycle:lifecycle-process:2.0.0] AndroidManifest.xml:25:13-69
131            android:exported="false"
131-->[androidx.lifecycle:lifecycle-process:2.0.0] AndroidManifest.xml:26:13-37
132            android:multiprocess="true" />
132-->[androidx.lifecycle:lifecycle-process:2.0.0] AndroidManifest.xml:27:13-40
133
134        <activity
134-->[:onsdk_all:] AndroidManifest.xml:30:9-34:70
135            android:name="com.baidu.navisdk.im.imagechooser.ImageChooseActivity"
135-->[:onsdk_all:] AndroidManifest.xml:31:13-81
136            android:screenOrientation="portrait"
136-->[:onsdk_all:] AndroidManifest.xml:32:13-49
137            android:theme="@android:style/Theme.NoTitleBar"
137-->[:onsdk_all:] AndroidManifest.xml:33:13-60
138            android:windowSoftInputMode="adjustResize|stateHidden" />
138-->[:onsdk_all:] AndroidManifest.xml:34:13-67
139        <activity
139-->[:onsdk_all:] AndroidManifest.xml:35:9-39:70
140            android:name="com.baidu.navisdk.im.ui.material.activity.ActivityImage"
140-->[:onsdk_all:] AndroidManifest.xml:36:13-83
141            android:screenOrientation="portrait"
141-->[:onsdk_all:] AndroidManifest.xml:37:13-49
142            android:theme="@android:style/Theme.NoTitleBar"
142-->[:onsdk_all:] AndroidManifest.xml:38:13-60
143            android:windowSoftInputMode="adjustResize|stateHidden" />
143-->[:onsdk_all:] AndroidManifest.xml:39:13-67
144        <activity
144-->[:onsdk_all:] AndroidManifest.xml:40:9-44:70
145            android:name="com.baidu.navisdk.im.imagechooser.ImageBrowseActivity"
145-->[:onsdk_all:] AndroidManifest.xml:41:13-81
146            android:screenOrientation="portrait"
146-->[:onsdk_all:] AndroidManifest.xml:42:13-49
147            android:theme="@android:style/Theme.NoTitleBar"
147-->[:onsdk_all:] AndroidManifest.xml:43:13-60
148            android:windowSoftInputMode="adjustResize|stateHidden" />
148-->[:onsdk_all:] AndroidManifest.xml:44:13-67
149
150        <provider
150-->[:onsdk_all:] AndroidManifest.xml:46:9-54:20
151            android:name="com.baidu.navisdk.adapter.BNavFileProvider"
151-->[:onsdk_all:] AndroidManifest.xml:47:13-70
152            android:authorities="com.baidu.mapclient.liteapp.bnav_provider"
152-->[:onsdk_all:] AndroidManifest.xml:48:13-65
153            android:exported="false"
153-->[:onsdk_all:] AndroidManifest.xml:49:13-37
154            android:grantUriPermissions="true" >
154-->[:onsdk_all:] AndroidManifest.xml:50:13-47
155            <meta-data
155-->[:onsdk_all:] AndroidManifest.xml:51:13-53:63
156                android:name="android.support.FILE_PROVIDER_PATHS"
156-->[:onsdk_all:] AndroidManifest.xml:52:17-67
157                android:resource="@xml/nsdk_provider_paths" />
157-->[:onsdk_all:] AndroidManifest.xml:53:17-60
158        </provider>
159    </application>
160
161</manifest>